<?xml version="1.0" encoding="UTF-8"?>
<testng-results ignored="0" total="6" passed="6" failed="0" skipped="0">
  <reporter-output>
  </reporter-output>
  <suite started-at="2022-09-08T16:01:25 IST" name="Surefire suite" finished-at="2022-09-08T16:05:04 IST" duration-ms="219722">
    <groups>
      <group name="cucumber">
        <method signature="AbstractTestNGCucumberTests.runScenario(io.cucumber.testng.PickleWrapper,io.cucumber.testng.FeatureWrapper)[pri:0, instance:CucumberOptions.TestNGTestRunner@363ee3a2]" name="runScenario" class="io.cucumber.testng.AbstractTestNGCucumberTests"/>
      </group> <!-- cucumber -->
    </groups>
    <test started-at="2022-09-08T16:01:25 IST" name="Surefire test" finished-at="2022-09-08T16:05:04 IST" duration-ms="219722">
      <class name="CucumberOptions.TestNGTestRunner">
        <test-method is-config="true" signature="setUpClass(org.testng.ITestContext)[pri:0, instance:CucumberOptions.TestNGTestRunner@363ee3a2]" started-at="2022-09-08T16:01:25 IST" name="setUpClass" finished-at="2022-09-08T16:01:27 IST" duration-ms="1872" status="PASS">
          <params>
            <param index="0">
              <value>
                <![CDATA[org.testng.TestRunner@6af65f29]]>
              </value>
            </param>
          </params>
          <reporter-output>
          </reporter-output>
        </test-method> <!-- setUpClass -->
        <test-method signature="runScenario(io.cucumber.testng.PickleWrapper,io.cucumber.testng.FeatureWrapper)[pri:0, instance:CucumberOptions.TestNGTestRunner@363ee3a2]" started-at="2022-09-08T16:01:27 IST" name="runScenario" description="Runs Cucumber Scenarios" data-provider="scenarios" finished-at="2022-09-08T16:01:55 IST" duration-ms="28458" status="PASS">
          <params>
            <param index="0">
              <value>
                <![CDATA["Add-to-Basket View-Basket Functionality"]]>
              </value>
            </param>
            <param index="1">
              <value>
                <![CDATA["Add to Basket"]]>
              </value>
            </param>
          </params>
          <reporter-output>
          </reporter-output>
        </test-method> <!-- runScenario -->
        <test-method signature="runScenario(io.cucumber.testng.PickleWrapper,io.cucumber.testng.FeatureWrapper)[pri:0, instance:CucumberOptions.TestNGTestRunner@363ee3a2]" started-at="2022-09-08T16:01:55 IST" name="runScenario" description="Runs Cucumber Scenarios" data-provider="scenarios" finished-at="2022-09-08T16:02:15 IST" duration-ms="20345" status="PASS">
          <params>
            <param index="0">
              <value>
                <![CDATA["Shop-Product Categories Functionality"]]>
              </value>
            </param>
            <param index="1">
              <value>
                <![CDATA["product categories"]]>
              </value>
            </param>
          </params>
          <reporter-output>
          </reporter-output>
        </test-method> <!-- runScenario -->
        <test-method signature="runScenario(io.cucumber.testng.PickleWrapper,io.cucumber.testng.FeatureWrapper)[pri:0, instance:CucumberOptions.TestNGTestRunner@363ee3a2]" started-at="2022-09-08T16:02:15 IST" name="runScenario" description="Runs Cucumber Scenarios" data-provider="scenarios" finished-at="2022-09-08T16:02:55 IST" duration-ms="39632" status="PASS">
          <params>
            <param index="0">
              <value>
                <![CDATA["Shop-Read More Functionality"]]>
              </value>
            </param>
            <param index="1">
              <value>
                <![CDATA["Readmore"]]>
              </value>
            </param>
          </params>
          <reporter-output>
          </reporter-output>
        </test-method> <!-- runScenario -->
        <test-method signature="runScenario(io.cucumber.testng.PickleWrapper,io.cucumber.testng.FeatureWrapper)[pri:0, instance:CucumberOptions.TestNGTestRunner@363ee3a2]" started-at="2022-09-08T16:02:55 IST" name="runScenario" description="Runs Cucumber Scenarios" data-provider="scenarios" finished-at="2022-09-08T16:03:33 IST" duration-ms="37974" status="PASS">
          <params>
            <param index="0">
              <value>
                <![CDATA["Shop-Sale Functionality"]]>
              </value>
            </param>
            <param index="1">
              <value>
                <![CDATA["Sale Feature"]]>
              </value>
            </param>
          </params>
          <reporter-output>
          </reporter-output>
        </test-method> <!-- runScenario -->
        <test-method signature="runScenario(io.cucumber.testng.PickleWrapper,io.cucumber.testng.FeatureWrapper)[pri:0, instance:CucumberOptions.TestNGTestRunner@363ee3a2]" started-at="2022-09-08T16:03:33 IST" name="runScenario" description="Runs Cucumber Scenarios" data-provider="scenarios" finished-at="2022-09-08T16:04:19 IST" duration-ms="46416" status="PASS">
          <params>
            <param index="0">
              <value>
                <![CDATA["Shop-filter by price functionaliy"]]>
              </value>
            </param>
            <param index="1">
              <value>
                <![CDATA["price filter of book"]]>
              </value>
            </param>
          </params>
          <reporter-output>
          </reporter-output>
        </test-method> <!-- runScenario -->
        <test-method signature="runScenario(io.cucumber.testng.PickleWrapper,io.cucumber.testng.FeatureWrapper)[pri:0, instance:CucumberOptions.TestNGTestRunner@363ee3a2]" started-at="2022-09-08T16:04:19 IST" name="runScenario" description="Runs Cucumber Scenarios" data-provider="scenarios" finished-at="2022-09-08T16:05:01 IST" duration-ms="41502" status="PASS">
          <params>
            <param index="0">
              <value>
                <![CDATA["Shop-default sorting Functionality"]]>
              </value>
            </param>
            <param index="1">
              <value>
                <![CDATA["Sorting product"]]>
              </value>
            </param>
          </params>
          <reporter-output>
          </reporter-output>
        </test-method> <!-- runScenario -->
        <test-method is-config="true" signature="tearDownClass()[pri:0, instance:CucumberOptions.TestNGTestRunner@363ee3a2]" started-at="2022-09-08T16:05:01 IST" name="tearDownClass" finished-at="2022-09-08T16:05:04 IST" duration-ms="3386" status="PASS">
          <reporter-output>
          </reporter-output>
        </test-method> <!-- tearDownClass -->
      </class> <!-- CucumberOptions.TestNGTestRunner -->
    </test> <!-- Surefire test -->
  </suite> <!-- Surefire suite -->
</testng-results>
